{"/Users/jameswolfe/Desktop/University Work/calendar API/calendar.js":{"path":"/Users/jameswolfe/Desktop/University Work/calendar API/calendar.js","s":{"1":1,"2":1,"3":1,"4":1,"5":1,"6":55,"7":2,"8":2,"9":53,"10":1,"11":1,"12":52,"13":1,"14":1,"15":51,"16":1,"17":1,"18":50,"19":1,"20":1,"21":49,"22":1,"23":1,"24":1,"25":15,"26":1,"27":53,"28":53,"29":53,"30":5,"31":48,"32":48,"33":48,"34":48,"35":1,"36":11,"37":1,"38":2,"39":5,"40":2,"41":1,"42":1,"43":3,"44":1,"45":1,"46":2,"47":2,"48":1,"49":1,"50":3,"51":1,"52":1,"53":1,"54":4,"55":1,"56":3,"57":9,"58":2,"59":3,"60":1,"61":2,"62":8,"63":2,"64":2,"65":8,"66":3,"67":2,"68":1,"69":1,"70":4,"71":1,"72":1,"73":1,"74":1,"75":3,"76":1,"77":1,"78":1},"b":{"1":[2,53],"2":[1,52],"3":[1,51],"4":[1,50],"5":[1,49],"6":[5,48],"7":[1,1],"8":[1,1],"9":[1,3],"10":[2,7],"11":[9,6,3],"12":[1,2],"13":[3,5],"14":[8,5,4]},"f":{"1":55,"2":1,"3":15,"4":53,"5":11,"6":2,"7":5,"8":3,"9":2,"10":3,"11":4,"12":9,"13":8,"14":8,"15":1,"16":4,"17":1,"18":1,"19":3,"20":1},"fnMap":{"1":{"name":"validateJson","line":14,"loc":{"start":{"line":14,"column":0},"end":{"line":14,"column":28}}},"2":{"name":"(anonymous_2)","line":38,"loc":{"start":{"line":38,"column":16},"end":{"line":38,"column":27}}},"3":{"name":"(anonymous_3)","line":42,"loc":{"start":{"line":42,"column":16},"end":{"line":42,"column":27}}},"4":{"name":"(anonymous_4)","line":46,"loc":{"start":{"line":46,"column":14},"end":{"line":46,"column":29}}},"5":{"name":"(anonymous_5)","line":66,"loc":{"start":{"line":66,"column":17},"end":{"line":66,"column":28}}},"6":{"name":"(anonymous_6)","line":70,"loc":{"start":{"line":70,"column":17},"end":{"line":70,"column":30}}},"7":{"name":"(anonymous_7)","line":79,"loc":{"start":{"line":79,"column":45},"end":{"line":79,"column":61}}},"8":{"name":"(anonymous_8)","line":86,"loc":{"start":{"line":86,"column":38},"end":{"line":86,"column":60}}},"9":{"name":"(anonymous_9)","line":92,"loc":{"start":{"line":92,"column":17},"end":{"line":92,"column":36}}},"10":{"name":"(anonymous_10)","line":97,"loc":{"start":{"line":97,"column":32},"end":{"line":97,"column":54}}},"11":{"name":"(anonymous_11)","line":104,"loc":{"start":{"line":104,"column":18},"end":{"line":104,"column":33}}},"12":{"name":"(anonymous_12)","line":108,"loc":{"start":{"line":108,"column":35},"end":{"line":108,"column":51}}},"13":{"name":"(anonymous_13)","line":114,"loc":{"start":{"line":114,"column":43},"end":{"line":114,"column":65}}},"14":{"name":"(anonymous_14)","line":118,"loc":{"start":{"line":118,"column":26},"end":{"line":118,"column":52}}},"15":{"name":"(anonymous_15)","line":127,"loc":{"start":{"line":127,"column":20},"end":{"line":127,"column":43}}},"16":{"name":"(anonymous_16)","line":128,"loc":{"start":{"line":128,"column":32},"end":{"line":128,"column":54}}},"17":{"name":"(anonymous_17)","line":131,"loc":{"start":{"line":131,"column":75},"end":{"line":131,"column":94}}},"18":{"name":"(anonymous_18)","line":136,"loc":{"start":{"line":136,"column":24},"end":{"line":136,"column":64}}},"19":{"name":"(anonymous_19)","line":137,"loc":{"start":{"line":137,"column":32},"end":{"line":137,"column":54}}},"20":{"name":"(anonymous_20)","line":141,"loc":{"start":{"line":141,"column":48},"end":{"line":141,"column":67}}}},"statementMap":{"1":{"start":{"line":3,"column":0},"end":{"line":3,"column":50}},"2":{"start":{"line":4,"column":0},"end":{"line":4,"column":42}},"3":{"start":{"line":5,"column":0},"end":{"line":5,"column":30}},"4":{"start":{"line":7,"column":0},"end":{"line":7,"column":21}},"5":{"start":{"line":14,"column":0},"end":{"line":36,"column":1}},"6":{"start":{"line":15,"column":1},"end":{"line":18,"column":2}},"7":{"start":{"line":16,"column":2},"end":{"line":16,"column":34}},"8":{"start":{"line":17,"column":2},"end":{"line":17,"column":14}},"9":{"start":{"line":19,"column":1},"end":{"line":22,"column":2}},"10":{"start":{"line":20,"column":2},"end":{"line":20,"column":35}},"11":{"start":{"line":21,"column":2},"end":{"line":21,"column":14}},"12":{"start":{"line":23,"column":3},"end":{"line":26,"column":4}},"13":{"start":{"line":24,"column":7},"end":{"line":24,"column":45}},"14":{"start":{"line":25,"column":7},"end":{"line":25,"column":19}},"15":{"start":{"line":27,"column":3},"end":{"line":30,"column":2}},"16":{"start":{"line":28,"column":5},"end":{"line":28,"column":44}},"17":{"start":{"line":29,"column":6},"end":{"line":29,"column":18}},"18":{"start":{"line":31,"column":1},"end":{"line":34,"column":2}},"19":{"start":{"line":32,"column":2},"end":{"line":32,"column":41}},"20":{"start":{"line":33,"column":2},"end":{"line":33,"column":14}},"21":{"start":{"line":35,"column":1},"end":{"line":35,"column":12}},"22":{"start":{"line":38,"column":0},"end":{"line":40,"column":1}},"23":{"start":{"line":39,"column":1},"end":{"line":39,"column":27}},"24":{"start":{"line":42,"column":0},"end":{"line":44,"column":1}},"25":{"start":{"line":43,"column":1},"end":{"line":43,"column":18}},"26":{"start":{"line":46,"column":0},"end":{"line":64,"column":1}},"27":{"start":{"line":55,"column":1},"end":{"line":55,"column":18}},"28":{"start":{"line":56,"column":3},"end":{"line":56,"column":35}},"29":{"start":{"line":57,"column":3},"end":{"line":59,"column":4}},"30":{"start":{"line":58,"column":5},"end":{"line":58,"column":133}},"31":{"start":{"line":60,"column":3},"end":{"line":60,"column":30}},"32":{"start":{"line":61,"column":1},"end":{"line":61,"column":142}},"33":{"start":{"line":62,"column":1},"end":{"line":62,"column":34}},"34":{"start":{"line":63,"column":1},"end":{"line":63,"column":141}},"35":{"start":{"line":66,"column":0},"end":{"line":68,"column":1}},"36":{"start":{"line":67,"column":1},"end":{"line":67,"column":20}},"37":{"start":{"line":70,"column":0},"end":{"line":90,"column":1}},"38":{"start":{"line":79,"column":1},"end":{"line":81,"column":3}},"39":{"start":{"line":80,"column":2},"end":{"line":80,"column":24}},"40":{"start":{"line":82,"column":1},"end":{"line":84,"column":2}},"41":{"start":{"line":83,"column":2},"end":{"line":83,"column":117}},"42":{"start":{"line":86,"column":1},"end":{"line":88,"column":19}},"43":{"start":{"line":87,"column":2},"end":{"line":87,"column":23}},"44":{"start":{"line":89,"column":1},"end":{"line":89,"column":101}},"45":{"start":{"line":92,"column":0},"end":{"line":102,"column":1}},"46":{"start":{"line":93,"column":1},"end":{"line":93,"column":33}},"47":{"start":{"line":94,"column":3},"end":{"line":96,"column":4}},"48":{"start":{"line":95,"column":5},"end":{"line":95,"column":133}},"49":{"start":{"line":97,"column":1},"end":{"line":99,"column":15}},"50":{"start":{"line":98,"column":2},"end":{"line":98,"column":23}},"51":{"start":{"line":100,"column":1},"end":{"line":100,"column":138}},"52":{"start":{"line":101,"column":1},"end":{"line":101,"column":101}},"53":{"start":{"line":104,"column":0},"end":{"line":125,"column":1}},"54":{"start":{"line":105,"column":1},"end":{"line":107,"column":2}},"55":{"start":{"line":106,"column":2},"end":{"line":106,"column":108}},"56":{"start":{"line":108,"column":1},"end":{"line":111,"column":3}},"57":{"start":{"line":109,"column":2},"end":{"line":110,"column":17}},"58":{"start":{"line":110,"column":6},"end":{"line":110,"column":17}},"59":{"start":{"line":112,"column":1},"end":{"line":113,"column":130}},"60":{"start":{"line":113,"column":2},"end":{"line":113,"column":130}},"61":{"start":{"line":114,"column":1},"end":{"line":116,"column":3}},"62":{"start":{"line":115,"column":2},"end":{"line":115,"column":25}},"63":{"start":{"line":117,"column":1},"end":{"line":117,"column":29}},"64":{"start":{"line":118,"column":1},"end":{"line":122,"column":3}},"65":{"start":{"line":119,"column":2},"end":{"line":121,"column":3}},"66":{"start":{"line":120,"column":3},"end":{"line":120,"column":82}},"67":{"start":{"line":124,"column":1},"end":{"line":124,"column":25}},"68":{"start":{"line":127,"column":0},"end":{"line":134,"column":1}},"69":{"start":{"line":128,"column":1},"end":{"line":130,"column":15}},"70":{"start":{"line":129,"column":2},"end":{"line":129,"column":23}},"71":{"start":{"line":131,"column":1},"end":{"line":133,"column":3}},"72":{"start":{"line":132,"column":2},"end":{"line":132,"column":28}},"73":{"start":{"line":136,"column":0},"end":{"line":144,"column":1}},"74":{"start":{"line":137,"column":1},"end":{"line":139,"column":15}},"75":{"start":{"line":138,"column":2},"end":{"line":138,"column":23}},"76":{"start":{"line":140,"column":1},"end":{"line":140,"column":119}},"77":{"start":{"line":141,"column":1},"end":{"line":143,"column":3}},"78":{"start":{"line":142,"column":2},"end":{"line":142,"column":28}}},"branchMap":{"1":{"line":15,"type":"if","locations":[{"start":{"line":15,"column":1},"end":{"line":15,"column":1}},{"start":{"line":15,"column":1},"end":{"line":15,"column":1}}]},"2":{"line":19,"type":"if","locations":[{"start":{"line":19,"column":1},"end":{"line":19,"column":1}},{"start":{"line":19,"column":1},"end":{"line":19,"column":1}}]},"3":{"line":23,"type":"if","locations":[{"start":{"line":23,"column":3},"end":{"line":23,"column":3}},{"start":{"line":23,"column":3},"end":{"line":23,"column":3}}]},"4":{"line":27,"type":"if","locations":[{"start":{"line":27,"column":3},"end":{"line":27,"column":3}},{"start":{"line":27,"column":3},"end":{"line":27,"column":3}}]},"5":{"line":31,"type":"if","locations":[{"start":{"line":31,"column":1},"end":{"line":31,"column":1}},{"start":{"line":31,"column":1},"end":{"line":31,"column":1}}]},"6":{"line":57,"type":"if","locations":[{"start":{"line":57,"column":3},"end":{"line":57,"column":3}},{"start":{"line":57,"column":3},"end":{"line":57,"column":3}}]},"7":{"line":82,"type":"if","locations":[{"start":{"line":82,"column":1},"end":{"line":82,"column":1}},{"start":{"line":82,"column":1},"end":{"line":82,"column":1}}]},"8":{"line":94,"type":"if","locations":[{"start":{"line":94,"column":3},"end":{"line":94,"column":3}},{"start":{"line":94,"column":3},"end":{"line":94,"column":3}}]},"9":{"line":105,"type":"if","locations":[{"start":{"line":105,"column":1},"end":{"line":105,"column":1}},{"start":{"line":105,"column":1},"end":{"line":105,"column":1}}]},"10":{"line":109,"type":"if","locations":[{"start":{"line":109,"column":2},"end":{"line":109,"column":2}},{"start":{"line":109,"column":2},"end":{"line":109,"column":2}}]},"11":{"line":109,"type":"binary-expr","locations":[{"start":{"line":109,"column":5},"end":{"line":109,"column":52}},{"start":{"line":109,"column":56},"end":{"line":109,"column":97}},{"start":{"line":109,"column":101},"end":{"line":109,"column":140}}]},"12":{"line":112,"type":"if","locations":[{"start":{"line":112,"column":1},"end":{"line":112,"column":1}},{"start":{"line":112,"column":1},"end":{"line":112,"column":1}}]},"13":{"line":119,"type":"if","locations":[{"start":{"line":119,"column":2},"end":{"line":119,"column":2}},{"start":{"line":119,"column":2},"end":{"line":119,"column":2}}]},"14":{"line":119,"type":"binary-expr","locations":[{"start":{"line":119,"column":5},"end":{"line":119,"column":57}},{"start":{"line":119,"column":61},"end":{"line":119,"column":107}},{"start":{"line":119,"column":111},"end":{"line":119,"column":155}}]}}},"/Users/jameswolfe/Desktop/University Work/calendar API/modules/directions.js":{"path":"/Users/jameswolfe/Desktop/University Work/calendar API/modules/directions.js","s":{"1":1,"2":1,"3":1,"4":1,"5":1,"6":1,"7":1,"8":1,"9":2,"10":2,"11":1,"12":4,"13":4,"14":4,"15":4},"b":{},"f":{"1":4},"fnMap":{"1":{"name":"apiCall","line":45,"loc":{"start":{"line":45,"column":0},"end":{"line":45,"column":29}}}},"statementMap":{"1":{"start":{"line":15,"column":0},"end":{"line":15,"column":36}},"2":{"start":{"line":24,"column":0},"end":{"line":27,"column":1}},"3":{"start":{"line":25,"column":2},"end":{"line":25,"column":34}},"4":{"start":{"line":26,"column":2},"end":{"line":26,"column":62}},"5":{"start":{"line":29,"column":0},"end":{"line":32,"column":1}},"6":{"start":{"line":30,"column":2},"end":{"line":30,"column":34}},"7":{"start":{"line":31,"column":2},"end":{"line":31,"column":62}},"8":{"start":{"line":34,"column":0},"end":{"line":37,"column":1}},"9":{"start":{"line":35,"column":2},"end":{"line":35,"column":34}},"10":{"start":{"line":36,"column":2},"end":{"line":36,"column":53}},"11":{"start":{"line":45,"column":0},"end":{"line":50,"column":1}},"12":{"start":{"line":46,"column":2},"end":{"line":46,"column":74}},"13":{"start":{"line":47,"column":2},"end":{"line":47,"column":37}},"14":{"start":{"line":48,"column":2},"end":{"line":48,"column":30}},"15":{"start":{"line":49,"column":2},"end":{"line":49,"column":51}}},"branchMap":{}},"/Users/jameswolfe/Desktop/University Work/calendar API/modules/events.js":{"path":"/Users/jameswolfe/Desktop/University Work/calendar API/modules/events.js","s":{"1":1,"2":1,"3":3,"4":3,"5":3,"6":0,"7":3,"8":10,"9":10,"10":3,"11":1,"12":3,"13":3,"14":3,"15":3,"16":3,"17":3,"18":3,"19":3},"b":{"1":[0,3]},"f":{"1":10,"2":3},"fnMap":{"1":{"name":"(anonymous_1)","line":30,"loc":{"start":{"line":30,"column":20},"end":{"line":30,"column":35}}},"2":{"name":"apiCall","line":45,"loc":{"start":{"line":45,"column":0},"end":{"line":45,"column":39}}}},"statementMap":{"1":{"start":{"line":16,"column":0},"end":{"line":16,"column":36}},"2":{"start":{"line":25,"column":0},"end":{"line":36,"column":1}},"3":{"start":{"line":26,"column":1},"end":{"line":26,"column":21}},"4":{"start":{"line":27,"column":1},"end":{"line":35,"column":3}},"5":{"start":{"line":28,"column":2},"end":{"line":33,"column":4}},"6":{"start":{"line":28,"column":11},"end":{"line":28,"column":37}},"7":{"start":{"line":30,"column":2},"end":{"line":33,"column":4}},"8":{"start":{"line":31,"column":3},"end":{"line":31,"column":126}},"9":{"start":{"line":32,"column":3},"end":{"line":32,"column":28}},"10":{"start":{"line":34,"column":2},"end":{"line":34,"column":34}},"11":{"start":{"line":45,"column":0},"end":{"line":55,"column":2}},"12":{"start":{"line":46,"column":2},"end":{"line":46,"column":91}},"13":{"start":{"line":47,"column":2},"end":{"line":47,"column":91}},"14":{"start":{"line":48,"column":2},"end":{"line":48,"column":79}},"15":{"start":{"line":49,"column":2},"end":{"line":49,"column":116}},"16":{"start":{"line":50,"column":2},"end":{"line":50,"column":30}},"17":{"start":{"line":51,"column":2},"end":{"line":51,"column":57}},"18":{"start":{"line":52,"column":2},"end":{"line":52,"column":31}},"19":{"start":{"line":54,"column":2},"end":{"line":54,"column":34}}},"branchMap":{"1":{"line":28,"type":"if","locations":[{"start":{"line":28,"column":2},"end":{"line":28,"column":2}},{"start":{"line":28,"column":2},"end":{"line":28,"column":2}}]}}}}