{"/Users/jameswolfe/Desktop/University Work/calendar API/calendar.js":{"path":"/Users/jameswolfe/Desktop/University Work/calendar API/calendar.js","s":{"1":1,"2":1,"3":1,"4":1,"5":1,"6":93,"7":2,"8":2,"9":91,"10":1,"11":1,"12":90,"13":1,"14":1,"15":89,"16":1,"17":1,"18":88,"19":1,"20":1,"21":87,"22":1,"23":1,"24":1,"25":1,"26":0,"27":1,"28":1,"29":27,"30":27,"31":27,"32":0,"33":27,"34":1,"35":90,"36":90,"37":90,"38":5,"39":90,"40":90,"41":90,"42":90,"43":1,"44":90,"45":1,"46":5,"47":5,"48":5,"49":0,"50":5,"51":1,"52":2,"53":2,"54":2,"55":0,"56":2,"57":1,"58":2,"59":1,"60":3,"61":3,"62":3,"63":1,"64":3,"65":3,"66":0,"67":3,"68":1,"69":3,"70":1,"71":9,"72":9,"73":1,"74":9,"75":9,"76":8,"77":0,"78":8,"79":1,"80":8,"81":1,"82":3,"83":3,"84":3,"85":0,"86":3,"87":1,"88":2,"89":1,"90":1,"91":1,"92":3,"93":3,"94":3,"95":0,"96":3,"97":1,"98":2,"99":2,"100":1,"101":1,"102":1,"103":3,"104":3,"105":3,"106":0,"107":3,"108":1,"109":2,"110":2,"111":1,"112":1,"113":1,"114":3,"115":3,"116":3,"117":0,"118":3,"119":1,"120":2,"121":2,"122":1,"123":1},"b":{"1":[2,91],"2":[1,90],"3":[1,89],"4":[1,88],"5":[1,87],"6":[0,1],"7":[0,27],"8":[5,85],"9":[1,89],"10":[0,5],"11":[0,2],"12":[1,1],"13":[1,2],"14":[0,3],"15":[1,2],"16":[1,8],"17":[0,8],"18":[1,7],"19":[0,3],"20":[1,2],"21":[0,3],"22":[1,2],"23":[0,3],"24":[1,2],"25":[0,3],"26":[1,2]},"f":{"1":93,"2":1,"3":27,"4":90,"5":5,"6":2,"7":3,"8":8,"9":3,"10":3,"11":3,"12":3},"fnMap":{"1":{"name":"validateJson","line":13,"loc":{"start":{"line":13,"column":0},"end":{"line":13,"column":28}}},"2":{"name":"(anonymous_2)","line":46,"loc":{"start":{"line":46,"column":19},"end":{"line":46,"column":40}}},"3":{"name":"(anonymous_3)","line":62,"loc":{"start":{"line":62,"column":20},"end":{"line":62,"column":34}}},"4":{"name":"(anonymous_4)","line":91,"loc":{"start":{"line":91,"column":21},"end":{"line":91,"column":51}}},"5":{"name":"(anonymous_5)","line":107,"loc":{"start":{"line":107,"column":18},"end":{"line":107,"column":46}}},"6":{"name":"(anonymous_6)","line":123,"loc":{"start":{"line":123,"column":44},"end":{"line":123,"column":68}}},"7":{"name":"(anonymous_7)","line":144,"loc":{"start":{"line":144,"column":189},"end":{"line":144,"column":215}}},"8":{"name":"(anonymous_8)","line":157,"loc":{"start":{"line":157,"column":214},"end":{"line":157,"column":247}}},"9":{"name":"(anonymous_9)","line":166,"loc":{"start":{"line":166,"column":35},"end":{"line":166,"column":59}}},"10":{"name":"(anonymous_10)","line":183,"loc":{"start":{"line":183,"column":35},"end":{"line":183,"column":59}}},"11":{"name":"(anonymous_11)","line":201,"loc":{"start":{"line":201,"column":35},"end":{"line":201,"column":59}}},"12":{"name":"(anonymous_12)","line":219,"loc":{"start":{"line":219,"column":35},"end":{"line":219,"column":59}}}},"statementMap":{"1":{"start":{"line":3,"column":0},"end":{"line":3,"column":50}},"2":{"start":{"line":4,"column":0},"end":{"line":4,"column":42}},"3":{"start":{"line":5,"column":0},"end":{"line":5,"column":30}},"4":{"start":{"line":6,"column":0},"end":{"line":6,"column":60}},"5":{"start":{"line":13,"column":0},"end":{"line":35,"column":1}},"6":{"start":{"line":14,"column":1},"end":{"line":17,"column":2}},"7":{"start":{"line":15,"column":2},"end":{"line":15,"column":34}},"8":{"start":{"line":16,"column":2},"end":{"line":16,"column":14}},"9":{"start":{"line":18,"column":1},"end":{"line":21,"column":2}},"10":{"start":{"line":19,"column":2},"end":{"line":19,"column":35}},"11":{"start":{"line":20,"column":2},"end":{"line":20,"column":14}},"12":{"start":{"line":22,"column":3},"end":{"line":25,"column":4}},"13":{"start":{"line":23,"column":7},"end":{"line":23,"column":45}},"14":{"start":{"line":24,"column":7},"end":{"line":24,"column":19}},"15":{"start":{"line":26,"column":3},"end":{"line":29,"column":2}},"16":{"start":{"line":27,"column":5},"end":{"line":27,"column":44}},"17":{"start":{"line":28,"column":6},"end":{"line":28,"column":18}},"18":{"start":{"line":30,"column":1},"end":{"line":33,"column":2}},"19":{"start":{"line":31,"column":2},"end":{"line":31,"column":41}},"20":{"start":{"line":32,"column":2},"end":{"line":32,"column":14}},"21":{"start":{"line":34,"column":1},"end":{"line":34,"column":12}},"22":{"start":{"line":37,"column":0},"end":{"line":51,"column":2}},"23":{"start":{"line":37,"column":22},"end":{"line":51,"column":2}},"24":{"start":{"line":46,"column":1},"end":{"line":50,"column":3}},"25":{"start":{"line":48,"column":4},"end":{"line":48,"column":24},"skip":true},"26":{"start":{"line":48,"column":13},"end":{"line":48,"column":24},"skip":true},"27":{"start":{"line":49,"column":4},"end":{"line":49,"column":18}},"28":{"start":{"line":53,"column":0},"end":{"line":67,"column":2}},"29":{"start":{"line":53,"column":22},"end":{"line":67,"column":2}},"30":{"start":{"line":62,"column":1},"end":{"line":66,"column":3}},"31":{"start":{"line":64,"column":4},"end":{"line":64,"column":24},"skip":true},"32":{"start":{"line":64,"column":13},"end":{"line":64,"column":24},"skip":true},"33":{"start":{"line":65,"column":4},"end":{"line":65,"column":39}},"34":{"start":{"line":69,"column":0},"end":{"line":95,"column":2}},"35":{"start":{"line":69,"column":24},"end":{"line":95,"column":2}},"36":{"start":{"line":78,"column":3},"end":{"line":78,"column":35}},"37":{"start":{"line":79,"column":3},"end":{"line":81,"column":4}},"38":{"start":{"line":80,"column":5},"end":{"line":80,"column":133}},"39":{"start":{"line":82,"column":3},"end":{"line":82,"column":30}},"40":{"start":{"line":83,"column":1},"end":{"line":90,"column":3}},"41":{"start":{"line":91,"column":1},"end":{"line":94,"column":3}},"42":{"start":{"line":92,"column":4},"end":{"line":92,"column":24}},"43":{"start":{"line":92,"column":13},"end":{"line":92,"column":24}},"44":{"start":{"line":93,"column":2},"end":{"line":93,"column":25}},"45":{"start":{"line":98,"column":0},"end":{"line":112,"column":2}},"46":{"start":{"line":98,"column":23},"end":{"line":112,"column":2}},"47":{"start":{"line":107,"column":1},"end":{"line":111,"column":3}},"48":{"start":{"line":109,"column":4},"end":{"line":109,"column":24},"skip":true},"49":{"start":{"line":109,"column":13},"end":{"line":109,"column":24},"skip":true},"50":{"start":{"line":110,"column":4},"end":{"line":110,"column":25}},"51":{"start":{"line":114,"column":0},"end":{"line":129,"column":2}},"52":{"start":{"line":114,"column":29},"end":{"line":129,"column":2}},"53":{"start":{"line":123,"column":1},"end":{"line":128,"column":3}},"54":{"start":{"line":125,"column":2},"end":{"line":125,"column":22},"skip":true},"55":{"start":{"line":125,"column":11},"end":{"line":125,"column":22},"skip":true},"56":{"start":{"line":126,"column":2},"end":{"line":126,"column":131}},"57":{"start":{"line":126,"column":16},"end":{"line":126,"column":131}},"58":{"start":{"line":127,"column":2},"end":{"line":127,"column":111}},"59":{"start":{"line":131,"column":0},"end":{"line":150,"column":2}},"60":{"start":{"line":131,"column":35},"end":{"line":150,"column":2}},"61":{"start":{"line":140,"column":3},"end":{"line":140,"column":35}},"62":{"start":{"line":141,"column":3},"end":{"line":143,"column":4}},"63":{"start":{"line":142,"column":5},"end":{"line":142,"column":133}},"64":{"start":{"line":144,"column":1},"end":{"line":149,"column":3}},"65":{"start":{"line":146,"column":2},"end":{"line":146,"column":22},"skip":true},"66":{"start":{"line":146,"column":11},"end":{"line":146,"column":22},"skip":true},"67":{"start":{"line":147,"column":2},"end":{"line":147,"column":133}},"68":{"start":{"line":147,"column":18},"end":{"line":147,"column":133}},"69":{"start":{"line":148,"column":4},"end":{"line":148,"column":110}},"70":{"start":{"line":152,"column":0},"end":{"line":163,"column":2}},"71":{"start":{"line":152,"column":34},"end":{"line":163,"column":2}},"72":{"start":{"line":153,"column":1},"end":{"line":155,"column":2}},"73":{"start":{"line":154,"column":2},"end":{"line":154,"column":109}},"74":{"start":{"line":156,"column":1},"end":{"line":156,"column":24}},"75":{"start":{"line":157,"column":1},"end":{"line":162,"column":3}},"76":{"start":{"line":159,"column":2},"end":{"line":159,"column":21},"skip":true},"77":{"start":{"line":159,"column":10},"end":{"line":159,"column":21},"skip":true},"78":{"start":{"line":160,"column":2},"end":{"line":160,"column":166}},"79":{"start":{"line":160,"column":37},"end":{"line":160,"column":166}},"80":{"start":{"line":161,"column":2},"end":{"line":161,"column":28}},"81":{"start":{"line":165,"column":0},"end":{"line":180,"column":2}},"82":{"start":{"line":165,"column":32},"end":{"line":180,"column":2}},"83":{"start":{"line":166,"column":1},"end":{"line":179,"column":3}},"84":{"start":{"line":168,"column":2},"end":{"line":168,"column":22},"skip":true},"85":{"start":{"line":168,"column":11},"end":{"line":168,"column":22},"skip":true},"86":{"start":{"line":169,"column":2},"end":{"line":178,"column":3}},"87":{"start":{"line":169,"column":16},"end":{"line":169,"column":131}},"88":{"start":{"line":171,"column":3},"end":{"line":177,"column":5}},"89":{"start":{"line":173,"column":4},"end":{"line":173,"column":22}},"90":{"start":{"line":176,"column":4},"end":{"line":176,"column":15}},"91":{"start":{"line":182,"column":0},"end":{"line":198,"column":2}},"92":{"start":{"line":182,"column":53},"end":{"line":198,"column":2}},"93":{"start":{"line":183,"column":1},"end":{"line":197,"column":3}},"94":{"start":{"line":185,"column":2},"end":{"line":185,"column":22},"skip":true},"95":{"start":{"line":185,"column":11},"end":{"line":185,"column":22},"skip":true},"96":{"start":{"line":186,"column":2},"end":{"line":196,"column":3}},"97":{"start":{"line":186,"column":16},"end":{"line":186,"column":131}},"98":{"start":{"line":188,"column":3},"end":{"line":188,"column":88}},"99":{"start":{"line":189,"column":3},"end":{"line":195,"column":5}},"100":{"start":{"line":191,"column":4},"end":{"line":191,"column":18}},"101":{"start":{"line":194,"column":4},"end":{"line":194,"column":15}},"102":{"start":{"line":200,"column":0},"end":{"line":216,"column":2}},"103":{"start":{"line":200,"column":51},"end":{"line":216,"column":2}},"104":{"start":{"line":201,"column":1},"end":{"line":215,"column":3}},"105":{"start":{"line":203,"column":2},"end":{"line":203,"column":22},"skip":true},"106":{"start":{"line":203,"column":11},"end":{"line":203,"column":22},"skip":true},"107":{"start":{"line":204,"column":2},"end":{"line":214,"column":3}},"108":{"start":{"line":204,"column":16},"end":{"line":204,"column":131}},"109":{"start":{"line":206,"column":3},"end":{"line":206,"column":88}},"110":{"start":{"line":207,"column":3},"end":{"line":213,"column":5}},"111":{"start":{"line":209,"column":4},"end":{"line":209,"column":21}},"112":{"start":{"line":212,"column":4},"end":{"line":212,"column":15}},"113":{"start":{"line":218,"column":0},"end":{"line":234,"column":2}},"114":{"start":{"line":218,"column":51},"end":{"line":234,"column":2}},"115":{"start":{"line":219,"column":1},"end":{"line":233,"column":3}},"116":{"start":{"line":221,"column":2},"end":{"line":221,"column":22},"skip":true},"117":{"start":{"line":221,"column":11},"end":{"line":221,"column":22},"skip":true},"118":{"start":{"line":222,"column":2},"end":{"line":232,"column":3}},"119":{"start":{"line":222,"column":16},"end":{"line":222,"column":131}},"120":{"start":{"line":224,"column":3},"end":{"line":224,"column":88}},"121":{"start":{"line":225,"column":3},"end":{"line":231,"column":5}},"122":{"start":{"line":227,"column":4},"end":{"line":227,"column":21}},"123":{"start":{"line":230,"column":4},"end":{"line":230,"column":15}}},"branchMap":{"1":{"line":14,"type":"if","locations":[{"start":{"line":14,"column":1},"end":{"line":14,"column":1}},{"start":{"line":14,"column":1},"end":{"line":14,"column":1}}]},"2":{"line":18,"type":"if","locations":[{"start":{"line":18,"column":1},"end":{"line":18,"column":1}},{"start":{"line":18,"column":1},"end":{"line":18,"column":1}}]},"3":{"line":22,"type":"if","locations":[{"start":{"line":22,"column":3},"end":{"line":22,"column":3}},{"start":{"line":22,"column":3},"end":{"line":22,"column":3}}]},"4":{"line":26,"type":"if","locations":[{"start":{"line":26,"column":3},"end":{"line":26,"column":3}},{"start":{"line":26,"column":3},"end":{"line":26,"column":3}}]},"5":{"line":30,"type":"if","locations":[{"start":{"line":30,"column":1},"end":{"line":30,"column":1}},{"start":{"line":30,"column":1},"end":{"line":30,"column":1}}]},"6":{"line":48,"type":"if","locations":[{"start":{"line":48,"column":4},"end":{"line":48,"column":4},"skip":true},{"start":{"line":48,"column":4},"end":{"line":48,"column":4},"skip":true}]},"7":{"line":64,"type":"if","locations":[{"start":{"line":64,"column":4},"end":{"line":64,"column":4},"skip":true},{"start":{"line":64,"column":4},"end":{"line":64,"column":4},"skip":true}]},"8":{"line":79,"type":"if","locations":[{"start":{"line":79,"column":3},"end":{"line":79,"column":3}},{"start":{"line":79,"column":3},"end":{"line":79,"column":3}}]},"9":{"line":92,"type":"if","locations":[{"start":{"line":92,"column":4},"end":{"line":92,"column":4}},{"start":{"line":92,"column":4},"end":{"line":92,"column":4}}]},"10":{"line":109,"type":"if","locations":[{"start":{"line":109,"column":4},"end":{"line":109,"column":4},"skip":true},{"start":{"line":109,"column":4},"end":{"line":109,"column":4},"skip":true}]},"11":{"line":125,"type":"if","locations":[{"start":{"line":125,"column":2},"end":{"line":125,"column":2},"skip":true},{"start":{"line":125,"column":2},"end":{"line":125,"column":2},"skip":true}]},"12":{"line":126,"type":"if","locations":[{"start":{"line":126,"column":2},"end":{"line":126,"column":2}},{"start":{"line":126,"column":2},"end":{"line":126,"column":2}}]},"13":{"line":141,"type":"if","locations":[{"start":{"line":141,"column":3},"end":{"line":141,"column":3}},{"start":{"line":141,"column":3},"end":{"line":141,"column":3}}]},"14":{"line":146,"type":"if","locations":[{"start":{"line":146,"column":2},"end":{"line":146,"column":2},"skip":true},{"start":{"line":146,"column":2},"end":{"line":146,"column":2},"skip":true}]},"15":{"line":147,"type":"if","locations":[{"start":{"line":147,"column":2},"end":{"line":147,"column":2}},{"start":{"line":147,"column":2},"end":{"line":147,"column":2}}]},"16":{"line":153,"type":"if","locations":[{"start":{"line":153,"column":1},"end":{"line":153,"column":1}},{"start":{"line":153,"column":1},"end":{"line":153,"column":1}}]},"17":{"line":159,"type":"if","locations":[{"start":{"line":159,"column":2},"end":{"line":159,"column":2},"skip":true},{"start":{"line":159,"column":2},"end":{"line":159,"column":2},"skip":true}]},"18":{"line":160,"type":"if","locations":[{"start":{"line":160,"column":2},"end":{"line":160,"column":2}},{"start":{"line":160,"column":2},"end":{"line":160,"column":2}}]},"19":{"line":168,"type":"if","locations":[{"start":{"line":168,"column":2},"end":{"line":168,"column":2},"skip":true},{"start":{"line":168,"column":2},"end":{"line":168,"column":2},"skip":true}]},"20":{"line":169,"type":"if","locations":[{"start":{"line":169,"column":2},"end":{"line":169,"column":2}},{"start":{"line":169,"column":2},"end":{"line":169,"column":2}}]},"21":{"line":185,"type":"if","locations":[{"start":{"line":185,"column":2},"end":{"line":185,"column":2},"skip":true},{"start":{"line":185,"column":2},"end":{"line":185,"column":2},"skip":true}]},"22":{"line":186,"type":"if","locations":[{"start":{"line":186,"column":2},"end":{"line":186,"column":2}},{"start":{"line":186,"column":2},"end":{"line":186,"column":2}}]},"23":{"line":203,"type":"if","locations":[{"start":{"line":203,"column":2},"end":{"line":203,"column":2},"skip":true},{"start":{"line":203,"column":2},"end":{"line":203,"column":2},"skip":true}]},"24":{"line":204,"type":"if","locations":[{"start":{"line":204,"column":2},"end":{"line":204,"column":2}},{"start":{"line":204,"column":2},"end":{"line":204,"column":2}}]},"25":{"line":221,"type":"if","locations":[{"start":{"line":221,"column":2},"end":{"line":221,"column":2},"skip":true},{"start":{"line":221,"column":2},"end":{"line":221,"column":2},"skip":true}]},"26":{"line":222,"type":"if","locations":[{"start":{"line":222,"column":2},"end":{"line":222,"column":2}},{"start":{"line":222,"column":2},"end":{"line":222,"column":2}}]}}},"/Users/jameswolfe/Desktop/University Work/calendar API/modules/directions.js":{"path":"/Users/jameswolfe/Desktop/University Work/calendar API/modules/directions.js","s":{"1":1,"2":1,"3":4,"4":4,"5":4,"6":2,"7":4,"8":1,"9":4,"10":4,"11":4,"12":2,"13":4,"14":1,"15":4,"16":4,"17":4,"18":2,"19":4,"20":1,"21":12,"22":12,"23":12,"24":12,"25":12,"26":6,"27":6},"b":{"1":[2,2],"2":[2,2],"3":[2,2],"4":[6,6]},"f":{"1":4,"2":4,"3":4,"4":12},"fnMap":{"1":{"name":"(anonymous_1)","line":24,"loc":{"start":{"line":24,"column":35},"end":{"line":24,"column":55}}},"2":{"name":"(anonymous_2)","line":31,"loc":{"start":{"line":31,"column":35},"end":{"line":31,"column":55}}},"3":{"name":"(anonymous_3)","line":38,"loc":{"start":{"line":38,"column":35},"end":{"line":38,"column":55}}},"4":{"name":"apiCall","line":50,"loc":{"start":{"line":50,"column":0},"end":{"line":50,"column":39}}}},"statementMap":{"1":{"start":{"line":15,"column":0},"end":{"line":15,"column":36}},"2":{"start":{"line":23,"column":0},"end":{"line":28,"column":2}},"3":{"start":{"line":23,"column":35},"end":{"line":28,"column":2}},"4":{"start":{"line":24,"column":2},"end":{"line":27,"column":4}},"5":{"start":{"line":25,"column":3},"end":{"line":25,"column":22}},"6":{"start":{"line":25,"column":11},"end":{"line":25,"column":22}},"7":{"start":{"line":26,"column":3},"end":{"line":26,"column":49}},"8":{"start":{"line":30,"column":0},"end":{"line":35,"column":2}},"9":{"start":{"line":30,"column":35},"end":{"line":35,"column":2}},"10":{"start":{"line":31,"column":2},"end":{"line":34,"column":4}},"11":{"start":{"line":32,"column":3},"end":{"line":32,"column":22}},"12":{"start":{"line":32,"column":11},"end":{"line":32,"column":22}},"13":{"start":{"line":33,"column":3},"end":{"line":33,"column":49}},"14":{"start":{"line":37,"column":0},"end":{"line":42,"column":2}},"15":{"start":{"line":37,"column":32},"end":{"line":42,"column":2}},"16":{"start":{"line":38,"column":2},"end":{"line":41,"column":4}},"17":{"start":{"line":39,"column":3},"end":{"line":39,"column":22}},"18":{"start":{"line":39,"column":11},"end":{"line":39,"column":22}},"19":{"start":{"line":40,"column":3},"end":{"line":40,"column":40}},"20":{"start":{"line":50,"column":0},"end":{"line":57,"column":1}},"21":{"start":{"line":51,"column":2},"end":{"line":51,"column":74}},"22":{"start":{"line":52,"column":2},"end":{"line":52,"column":37}},"23":{"start":{"line":53,"column":2},"end":{"line":53,"column":30}},"24":{"start":{"line":54,"column":2},"end":{"line":54,"column":57}},"25":{"start":{"line":55,"column":2},"end":{"line":55,"column":84}},"26":{"start":{"line":55,"column":34},"end":{"line":55,"column":84}},"27":{"start":{"line":56,"column":2},"end":{"line":56,"column":29}}},"branchMap":{"1":{"line":25,"type":"if","locations":[{"start":{"line":25,"column":3},"end":{"line":25,"column":3}},{"start":{"line":25,"column":3},"end":{"line":25,"column":3}}]},"2":{"line":32,"type":"if","locations":[{"start":{"line":32,"column":3},"end":{"line":32,"column":3}},{"start":{"line":32,"column":3},"end":{"line":32,"column":3}}]},"3":{"line":39,"type":"if","locations":[{"start":{"line":39,"column":3},"end":{"line":39,"column":3}},{"start":{"line":39,"column":3},"end":{"line":39,"column":3}}]},"4":{"line":55,"type":"if","locations":[{"start":{"line":55,"column":2},"end":{"line":55,"column":2}},{"start":{"line":55,"column":2},"end":{"line":55,"column":2}}]}}},"/Users/jameswolfe/Desktop/University Work/calendar API/modules/events.js":{"path":"/Users/jameswolfe/Desktop/University Work/calendar API/modules/events.js","s":{"1":1,"2":1,"3":5,"4":5,"5":5,"6":5,"7":2,"8":5,"9":10,"10":10,"11":3,"12":1,"13":5,"14":5,"15":5,"16":5,"17":5,"18":5,"19":2,"20":3,"21":3,"22":3},"b":{"1":[2,3],"2":[2,3]},"f":{"1":5,"2":10,"3":5},"fnMap":{"1":{"name":"(anonymous_1)","line":26,"loc":{"start":{"line":26,"column":21},"end":{"line":26,"column":46}}},"2":{"name":"(anonymous_2)","line":28,"loc":{"start":{"line":28,"column":20},"end":{"line":28,"column":36}}},"3":{"name":"apiCall","line":43,"loc":{"start":{"line":43,"column":0},"end":{"line":43,"column":39}}}},"statementMap":{"1":{"start":{"line":16,"column":0},"end":{"line":16,"column":36}},"2":{"start":{"line":24,"column":0},"end":{"line":34,"column":2}},"3":{"start":{"line":24,"column":33},"end":{"line":34,"column":2}},"4":{"start":{"line":25,"column":1},"end":{"line":25,"column":21}},"5":{"start":{"line":26,"column":1},"end":{"line":33,"column":3}},"6":{"start":{"line":27,"column":2},"end":{"line":27,"column":21}},"7":{"start":{"line":27,"column":10},"end":{"line":27,"column":21}},"8":{"start":{"line":28,"column":2},"end":{"line":31,"column":4}},"9":{"start":{"line":29,"column":3},"end":{"line":29,"column":126}},"10":{"start":{"line":30,"column":3},"end":{"line":30,"column":28}},"11":{"start":{"line":32,"column":1},"end":{"line":32,"column":19}},"12":{"start":{"line":43,"column":0},"end":{"line":53,"column":2}},"13":{"start":{"line":44,"column":2},"end":{"line":44,"column":34}},"14":{"start":{"line":45,"column":2},"end":{"line":45,"column":58}},"15":{"start":{"line":46,"column":2},"end":{"line":46,"column":79}},"16":{"start":{"line":47,"column":2},"end":{"line":47,"column":172}},"17":{"start":{"line":48,"column":2},"end":{"line":48,"column":30}},"18":{"start":{"line":49,"column":2},"end":{"line":49,"column":129}},"19":{"start":{"line":49,"column":29},"end":{"line":49,"column":129}},"20":{"start":{"line":50,"column":2},"end":{"line":50,"column":57}},"21":{"start":{"line":51,"column":2},"end":{"line":51,"column":31}},"22":{"start":{"line":52,"column":2},"end":{"line":52,"column":34}}},"branchMap":{"1":{"line":27,"type":"if","locations":[{"start":{"line":27,"column":2},"end":{"line":27,"column":2}},{"start":{"line":27,"column":2},"end":{"line":27,"column":2}}]},"2":{"line":49,"type":"if","locations":[{"start":{"line":49,"column":2},"end":{"line":49,"column":2}},{"start":{"line":49,"column":2},"end":{"line":49,"column":2}}]}}},"/Users/jameswolfe/Desktop/University Work/calendar API/modules/schema/appointments.js":{"path":"/Users/jameswolfe/Desktop/University Work/calendar API/modules/schema/appointments.js","s":{"1":1,"2":1,"3":1,"4":1,"5":1,"6":1,"7":1,"8":1,"9":1,"10":1},"b":{},"f":{"1":1,"2":1},"fnMap":{"1":{"name":"(anonymous_1)","line":25,"loc":{"start":{"line":25,"column":21},"end":{"line":25,"column":32}}},"2":{"name":"(anonymous_2)","line":26,"loc":{"start":{"line":26,"column":23},"end":{"line":26,"column":34}}}},"statementMap":{"1":{"start":{"line":2,"column":0},"end":{"line":2,"column":36}},"2":{"start":{"line":5,"column":0},"end":{"line":8,"column":1}},"3":{"start":{"line":10,"column":0},"end":{"line":10,"column":94}},"4":{"start":{"line":12,"column":0},"end":{"line":19,"column":2}},"5":{"start":{"line":21,"column":0},"end":{"line":21,"column":68}},"6":{"start":{"line":23,"column":0},"end":{"line":23,"column":28}},"7":{"start":{"line":25,"column":0},"end":{"line":30,"column":2}},"8":{"start":{"line":26,"column":3},"end":{"line":29,"column":5}},"9":{"start":{"line":27,"column":5},"end":{"line":27,"column":85}},"10":{"start":{"line":28,"column":5},"end":{"line":28,"column":20}}},"branchMap":{}}}