TN:
SF:/Users/jameswolfe/Desktop/University Work/calendar API/calendar.js
FN:13,validateJson
FN:46,(anonymous_2)
FN:62,(anonymous_3)
FN:91,(anonymous_4)
FN:107,(anonymous_5)
FN:123,(anonymous_6)
FN:144,(anonymous_7)
FN:157,(anonymous_8)
FN:166,(anonymous_9)
FN:183,(anonymous_10)
FN:201,(anonymous_11)
FN:219,(anonymous_12)
FNF:12
FNH:12
FNDA:93,validateJson
FNDA:1,(anonymous_2)
FNDA:27,(anonymous_3)
FNDA:90,(anonymous_4)
FNDA:5,(anonymous_5)
FNDA:2,(anonymous_6)
FNDA:3,(anonymous_7)
FNDA:8,(anonymous_8)
FNDA:3,(anonymous_9)
FNDA:3,(anonymous_10)
FNDA:3,(anonymous_11)
FNDA:3,(anonymous_12)
DA:3,1
DA:4,1
DA:5,1
DA:6,1
DA:13,1
DA:14,93
DA:15,2
DA:16,2
DA:18,91
DA:19,1
DA:20,1
DA:22,90
DA:23,1
DA:24,1
DA:26,89
DA:27,1
DA:28,1
DA:30,88
DA:31,1
DA:32,1
DA:34,87
DA:37,1
DA:46,1
DA:48,1
DA:49,1
DA:53,27
DA:62,27
DA:64,27
DA:65,27
DA:69,90
DA:78,90
DA:79,90
DA:80,5
DA:82,90
DA:83,90
DA:91,90
DA:92,90
DA:93,90
DA:98,5
DA:107,5
DA:109,5
DA:110,5
DA:114,2
DA:123,2
DA:125,2
DA:126,2
DA:127,2
DA:131,3
DA:140,3
DA:141,3
DA:142,1
DA:144,3
DA:146,3
DA:147,3
DA:148,3
DA:152,9
DA:153,9
DA:154,1
DA:156,9
DA:157,9
DA:159,8
DA:160,8
DA:161,8
DA:165,3
DA:166,3
DA:168,3
DA:169,3
DA:171,2
DA:173,1
DA:176,1
DA:182,3
DA:183,3
DA:185,3
DA:186,3
DA:188,2
DA:189,2
DA:191,1
DA:194,1
DA:200,3
DA:201,3
DA:203,3
DA:204,3
DA:206,2
DA:207,2
DA:209,1
DA:212,1
DA:218,3
DA:219,3
DA:221,3
DA:222,3
DA:224,2
DA:225,2
DA:227,1
DA:230,1
LF:94
LH:94
BRDA:14,1,0,2
BRDA:14,1,1,91
BRDA:18,2,0,1
BRDA:18,2,1,90
BRDA:22,3,0,1
BRDA:22,3,1,89
BRDA:26,4,0,1
BRDA:26,4,1,88
BRDA:30,5,0,1
BRDA:30,5,1,87
BRDA:48,6,0,0
BRDA:48,6,1,1
BRDA:64,7,0,0
BRDA:64,7,1,27
BRDA:79,8,0,5
BRDA:79,8,1,85
BRDA:92,9,0,1
BRDA:92,9,1,89
BRDA:109,10,0,0
BRDA:109,10,1,5
BRDA:125,11,0,0
BRDA:125,11,1,2
BRDA:126,12,0,1
BRDA:126,12,1,1
BRDA:141,13,0,1
BRDA:141,13,1,2
BRDA:146,14,0,0
BRDA:146,14,1,3
BRDA:147,15,0,1
BRDA:147,15,1,2
BRDA:153,16,0,1
BRDA:153,16,1,8
BRDA:159,17,0,0
BRDA:159,17,1,8
BRDA:160,18,0,1
BRDA:160,18,1,7
BRDA:168,19,0,0
BRDA:168,19,1,3
BRDA:169,20,0,1
BRDA:169,20,1,2
BRDA:185,21,0,0
BRDA:185,21,1,3
BRDA:186,22,0,1
BRDA:186,22,1,2
BRDA:203,23,0,0
BRDA:203,23,1,3
BRDA:204,24,0,1
BRDA:204,24,1,2
BRDA:221,25,0,0
BRDA:221,25,1,3
BRDA:222,26,0,1
BRDA:222,26,1,2
BRF:52
BRH:52
end_of_record
TN:
SF:/Users/jameswolfe/Desktop/University Work/calendar API/modules/directions.js
FN:24,(anonymous_1)
FN:31,(anonymous_2)
FN:38,(anonymous_3)
FN:50,apiCall
FNF:4
FNH:4
FNDA:4,(anonymous_1)
FNDA:4,(anonymous_2)
FNDA:4,(anonymous_3)
FNDA:12,apiCall
DA:15,1
DA:23,4
DA:24,4
DA:25,4
DA:26,4
DA:30,4
DA:31,4
DA:32,4
DA:33,4
DA:37,4
DA:38,4
DA:39,4
DA:40,4
DA:50,1
DA:51,12
DA:52,12
DA:53,12
DA:54,12
DA:55,12
DA:56,6
LF:20
LH:20
BRDA:25,1,0,2
BRDA:25,1,1,2
BRDA:32,2,0,2
BRDA:32,2,1,2
BRDA:39,3,0,2
BRDA:39,3,1,2
BRDA:55,4,0,6
BRDA:55,4,1,6
BRF:8
BRH:8
end_of_record
TN:
SF:/Users/jameswolfe/Desktop/University Work/calendar API/modules/events.js
FN:26,(anonymous_1)
FN:28,(anonymous_2)
FN:43,apiCall
FNF:3
FNH:3
FNDA:5,(anonymous_1)
FNDA:10,(anonymous_2)
FNDA:5,apiCall
DA:16,1
DA:24,5
DA:25,5
DA:26,5
DA:27,5
DA:28,5
DA:29,10
DA:30,10
DA:32,3
DA:43,1
DA:44,5
DA:45,5
DA:46,5
DA:47,5
DA:48,5
DA:49,5
DA:50,3
DA:51,3
DA:52,3
LF:19
LH:19
BRDA:27,1,0,2
BRDA:27,1,1,3
BRDA:49,2,0,2
BRDA:49,2,1,3
BRF:4
BRH:4
end_of_record
TN:
SF:/Users/jameswolfe/Desktop/University Work/calendar API/modules/schema/appointments.js
FN:25,(anonymous_1)
FN:26,(anonymous_2)
FNF:2
FNH:2
FNDA:1,(anonymous_1)
FNDA:1,(anonymous_2)
DA:2,1
DA:5,1
DA:10,1
DA:12,1
DA:21,1
DA:23,1
DA:25,1
DA:26,1
DA:27,1
DA:28,1
LF:10
LH:10
BRF:0
BRH:0
end_of_record
