TN:
SF:/Users/jameswolfe/Desktop/University Work/calendar API/calendar.js
FN:14,validateJson
FN:38,(anonymous_2)
FN:42,(anonymous_3)
FN:46,(anonymous_4)
FN:66,(anonymous_5)
FN:70,(anonymous_6)
FN:79,(anonymous_7)
FN:86,(anonymous_8)
FN:92,(anonymous_9)
FN:97,(anonymous_10)
FN:104,(anonymous_11)
FN:108,(anonymous_12)
FN:114,(anonymous_13)
FN:118,(anonymous_14)
FN:127,(anonymous_15)
FN:128,(anonymous_16)
FN:131,(anonymous_17)
FN:136,(anonymous_18)
FN:137,(anonymous_19)
FN:141,(anonymous_20)
FNF:20
FNH:20
FNDA:55,validateJson
FNDA:1,(anonymous_2)
FNDA:15,(anonymous_3)
FNDA:53,(anonymous_4)
FNDA:11,(anonymous_5)
FNDA:2,(anonymous_6)
FNDA:5,(anonymous_7)
FNDA:3,(anonymous_8)
FNDA:2,(anonymous_9)
FNDA:3,(anonymous_10)
FNDA:4,(anonymous_11)
FNDA:9,(anonymous_12)
FNDA:8,(anonymous_13)
FNDA:8,(anonymous_14)
FNDA:1,(anonymous_15)
FNDA:4,(anonymous_16)
FNDA:1,(anonymous_17)
FNDA:1,(anonymous_18)
FNDA:3,(anonymous_19)
FNDA:1,(anonymous_20)
DA:3,1
DA:4,1
DA:5,1
DA:7,1
DA:14,1
DA:15,55
DA:16,2
DA:17,2
DA:19,53
DA:20,1
DA:21,1
DA:23,52
DA:24,1
DA:25,1
DA:27,51
DA:28,1
DA:29,1
DA:31,50
DA:32,1
DA:33,1
DA:35,49
DA:38,1
DA:39,1
DA:42,1
DA:43,15
DA:46,1
DA:55,53
DA:56,53
DA:57,53
DA:58,5
DA:60,48
DA:61,48
DA:62,48
DA:63,48
DA:66,1
DA:67,11
DA:70,1
DA:79,2
DA:80,5
DA:82,2
DA:83,1
DA:86,1
DA:87,3
DA:89,1
DA:92,1
DA:93,2
DA:94,2
DA:95,1
DA:97,1
DA:98,3
DA:100,1
DA:101,1
DA:104,1
DA:105,4
DA:106,1
DA:108,3
DA:109,9
DA:110,2
DA:112,3
DA:113,1
DA:114,2
DA:115,8
DA:117,2
DA:118,2
DA:119,8
DA:120,3
DA:124,2
DA:127,1
DA:128,1
DA:129,4
DA:131,1
DA:132,1
DA:136,1
DA:137,1
DA:138,3
DA:140,1
DA:141,1
DA:142,1
LF:78
LH:78
BRDA:15,1,0,2
BRDA:15,1,1,53
BRDA:19,2,0,1
BRDA:19,2,1,52
BRDA:23,3,0,1
BRDA:23,3,1,51
BRDA:27,4,0,1
BRDA:27,4,1,50
BRDA:31,5,0,1
BRDA:31,5,1,49
BRDA:57,6,0,5
BRDA:57,6,1,48
BRDA:82,7,0,1
BRDA:82,7,1,1
BRDA:94,8,0,1
BRDA:94,8,1,1
BRDA:105,9,0,1
BRDA:105,9,1,3
BRDA:109,10,0,2
BRDA:109,10,1,7
BRDA:109,11,0,9
BRDA:109,11,1,6
BRDA:109,11,2,3
BRDA:112,12,0,1
BRDA:112,12,1,2
BRDA:119,13,0,3
BRDA:119,13,1,5
BRDA:119,14,0,8
BRDA:119,14,1,5
BRDA:119,14,2,4
BRF:30
BRH:30
end_of_record
TN:
SF:/Users/jameswolfe/Desktop/University Work/calendar API/modules/directions.js
FN:45,apiCall
FNF:1
FNH:1
FNDA:4,apiCall
DA:15,1
DA:24,1
DA:25,1
DA:26,1
DA:29,1
DA:30,1
DA:31,1
DA:34,1
DA:35,2
DA:36,2
DA:45,1
DA:46,4
DA:47,4
DA:48,4
DA:49,4
LF:15
LH:15
BRF:0
BRH:0
end_of_record
TN:
SF:/Users/jameswolfe/Desktop/University Work/calendar API/modules/events.js
FN:30,(anonymous_1)
FN:45,apiCall
FNF:2
FNH:2
FNDA:10,(anonymous_1)
FNDA:3,apiCall
DA:16,1
DA:25,1
DA:26,3
DA:27,3
DA:28,3
DA:30,3
DA:31,10
DA:32,10
DA:34,3
DA:45,1
DA:46,3
DA:47,3
DA:48,3
DA:49,3
DA:50,3
DA:51,3
DA:52,3
DA:54,3
LF:18
LH:18
BRDA:28,1,0,0
BRDA:28,1,1,3
BRF:2
BRH:1
end_of_record
